2021-06-25 15:13:45,823 INFO o.a.j.u.JMeterUtils: Setting Locale to en_EN
2021-06-25 15:13:45,855 INFO o.a.j.JMeter: Loading user properties from: C:\Program Files\apache-jmeter-5.4.1\bin\user.properties
2021-06-25 15:13:45,856 INFO o.a.j.JMeter: Loading system properties from: C:\Program Files\apache-jmeter-5.4.1\bin\system.properties
2021-06-25 15:13:45,866 INFO o.a.j.JMeter: Copyright (c) 1998-2021 The Apache Software Foundation
2021-06-25 15:13:45,866 INFO o.a.j.JMeter: Version 5.4.1
2021-06-25 15:13:45,866 INFO o.a.j.JMeter: java.version=14.0.1
2021-06-25 15:13:45,866 INFO o.a.j.JMeter: java.vm.name=Java HotSpot(TM) 64-Bit Server VM
2021-06-25 15:13:45,866 INFO o.a.j.JMeter: os.name=Windows 10
2021-06-25 15:13:45,866 INFO o.a.j.JMeter: os.arch=amd64
2021-06-25 15:13:45,867 INFO o.a.j.JMeter: os.version=10.0
2021-06-25 15:13:45,867 INFO o.a.j.JMeter: file.encoding=Cp1252
2021-06-25 15:13:45,867 INFO o.a.j.JMeter: java.awt.headless=true
2021-06-25 15:13:45,867 INFO o.a.j.JMeter: Max memory     =1073741824
2021-06-25 15:13:45,867 INFO o.a.j.JMeter: Available Processors =8
2021-06-25 15:13:45,881 INFO o.a.j.JMeter: Default Locale=English (EN)
2021-06-25 15:13:45,882 INFO o.a.j.JMeter: JMeter  Locale=English (EN)
2021-06-25 15:13:45,882 INFO o.a.j.JMeter: JMeterHome=C:\Program Files\apache-jmeter-5.4.1
2021-06-25 15:13:45,882 INFO o.a.j.JMeter: user.dir  =C:\Users\Ametelwokil\Desktop\Infosys\Git Repo\Choonz_Project-
2021-06-25 15:13:45,883 INFO o.a.j.JMeter: PWD       =C:\Users\Ametelwokil\Desktop\Infosys\Git Repo\Choonz_Project-
2021-06-25 15:13:45,918 INFO o.a.j.JMeter: IP: 192.168.1.254 Name: DESKTOP-I21TU9P FullName: 192.168.1.254
2021-06-25 15:13:45,928 INFO o.a.j.s.FileServer: Default base='C:\Users\Ametelwokil\Desktop\Infosys\Git Repo\Choonz_Project-'
2021-06-25 15:13:45,929 INFO o.a.j.s.FileServer: Set new base='C:\Users\Ametelwokil\Desktop\Infosys\Git Repo\Choonz_Project-'
2021-06-25 15:13:46,133 INFO o.a.j.s.SaveService: Testplan (JMX) version: 2.2. Testlog (JTL) version: 2.2
2021-06-25 15:13:46,156 INFO o.a.j.s.SaveService: Using SaveService properties version 5.0
2021-06-25 15:13:46,161 INFO o.a.j.s.SaveService: Using SaveService properties file encoding UTF-8
2021-06-25 15:13:46,165 INFO o.a.j.s.SaveService: Loading file: ChoonzPlan.jmx
2021-06-25 15:13:46,248 INFO o.a.j.p.h.s.HTTPSamplerBase: Parser for text/html is org.apache.jmeter.protocol.http.parser.LagartoBasedHtmlParser
2021-06-25 15:13:46,249 INFO o.a.j.p.h.s.HTTPSamplerBase: Parser for application/xhtml+xml is org.apache.jmeter.protocol.http.parser.LagartoBasedHtmlParser
2021-06-25 15:13:46,249 INFO o.a.j.p.h.s.HTTPSamplerBase: Parser for application/xml is org.apache.jmeter.protocol.http.parser.LagartoBasedHtmlParser
2021-06-25 15:13:46,249 INFO o.a.j.p.h.s.HTTPSamplerBase: Parser for text/xml is org.apache.jmeter.protocol.http.parser.LagartoBasedHtmlParser
2021-06-25 15:13:46,249 INFO o.a.j.p.h.s.HTTPSamplerBase: Parser for text/vnd.wap.wml is org.apache.jmeter.protocol.http.parser.RegexpHTMLParser
2021-06-25 15:13:46,249 INFO o.a.j.p.h.s.HTTPSamplerBase: Parser for text/css is org.apache.jmeter.protocol.http.parser.CssParser
2021-06-25 15:13:46,367 INFO o.a.j.JMeter: Creating summariser <summary>
2021-06-25 15:13:46,377 INFO o.a.j.e.StandardJMeterEngine: Running the test!
2021-06-25 15:13:46,378 INFO o.a.j.s.SampleEvent: List of sample_variables: []
2021-06-25 15:13:46,378 INFO o.a.j.s.SampleEvent: List of sample_variables: []
2021-06-25 15:13:46,389 INFO o.a.j.e.u.CompoundVariable: Note: Function class names must contain the string: '.functions.'
2021-06-25 15:13:46,390 INFO o.a.j.e.u.CompoundVariable: Note: Function class names must not contain the string: '.gui.'
2021-06-25 15:13:46,809 INFO o.a.j.JMeter: Running test (1624652026809)
2021-06-25 15:13:46,826 INFO o.a.j.e.StandardJMeterEngine: Starting ThreadGroup: 1 : jp@gc - Stress Ultimate Thread Group
2021-06-25 15:13:46,827 INFO o.a.j.e.StandardJMeterEngine: Starting 200 threads for group jp@gc - Stress Ultimate Thread Group.
2021-06-25 15:13:46,827 INFO o.a.j.e.StandardJMeterEngine: Thread will continue on error
2021-06-25 15:13:46,827 INFO k.a.j.t.AbstractSimpleThreadGroup: Starting thread group number 1 threads 200
2021-06-25 15:13:46,847 INFO o.a.j.s.SampleResult: Note: Sample TimeStamps are START times
2021-06-25 15:13:46,849 INFO o.a.j.s.SampleResult: sampleresult.default.encoding is set to ISO-8859-1
2021-06-25 15:13:46,849 INFO o.a.j.s.SampleResult: sampleresult.useNanoTime=true
2021-06-25 15:13:46,849 INFO o.a.j.s.SampleResult: sampleresult.nanoThreadSleep=5000
2021-06-25 15:13:46,955 INFO k.a.j.t.AbstractSimpleThreadGroup: Started thread group number 1
2021-06-25 15:13:46,955 INFO o.a.j.e.StandardJMeterEngine: All thread groups have been started
2021-06-25 15:13:46,955 INFO o.a.j.t.JMeterThread: Thread started: jp@gc - Stress Ultimate Thread Group 1-200
2021-06-25 15:13:46,994 INFO o.a.j.t.JMeterThread: Thread started: jp@gc - Stress Ultimate Thread Group 1-120
2021-06-25 15:13:47,077 INFO o.a.j.t.JMeterThread: Thread started: jp@gc - Stress Ultimate Thread Group 1-60
2021-06-25 15:13:47,078 INFO o.a.j.t.JMeterThread: Thread started: jp@gc - Stress Ultimate Thread Group 1-199
2021-06-25 15:13:47,091 INFO o.a.j.p.h.s.HTTPHCAbstractImpl: Local host = DESKTOP-I21TU9P
2021-06-25 15:13:47,102 INFO o.a.j.p.h.s.HTTPHC4Impl: HTTP request retry count = 0
2021-06-25 15:13:47,161 INFO o.a.j.t.JMeterThread: Thread started: jp@gc - Stress Ultimate Thread Group 1-119
2021-06-25 15:13:47,203 INFO o.a.j.t.JMeterThread: Thread started: jp@gc - Stress Ultimate Thread Group 1-198
2021-06-25 15:13:47,310 INFO o.a.j.p.h.p.BaseParser: Created org.apache.jmeter.protocol.http.parser.LagartoBasedHtmlParser
2021-06-25 15:13:47,311 INFO o.a.j.p.h.p.BaseParser: Created org.apache.jmeter.protocol.http.parser.LagartoBasedHtmlParser
2021-06-25 15:13:47,311 INFO o.a.j.p.h.p.BaseParser: Created org.apache.jmeter.protocol.http.parser.LagartoBasedHtmlParser
2021-06-25 15:13:47,311 INFO o.a.j.p.h.p.BaseParser: Created org.apache.jmeter.protocol.http.parser.LagartoBasedHtmlParser
2021-06-25 15:13:47,312 INFO o.a.j.p.h.p.BaseParser: Created org.apache.jmeter.protocol.http.parser.LagartoBasedHtmlParser
2021-06-25 15:13:47,328 INFO o.a.j.t.JMeterThread: Thread started: jp@gc - Stress Ultimate Thread Group 1-197
2021-06-25 15:13:47,329 INFO o.a.j.t.JMeterThread: Thread started: jp@gc - Stress Ultimate Thread Group 1-59
2021-06-25 15:13:47,329 INFO o.a.j.t.JMeterThread: Thread started: jp@gc - Stress Ultimate Thread Group 1-118
2021-06-25 15:13:47,335 INFO o.a.j.t.JMeterThread: Thread started: jp@gc - Stress Ultimate Thread Group 1-20
2021-06-25 15:13:47,406 INFO o.a.j.p.h.p.BaseParser: Created org.apache.jmeter.protocol.http.parser.CssParser
2021-06-25 15:13:47,406 INFO o.a.j.p.h.p.BaseParser: Created org.apache.jmeter.protocol.http.parser.CssParser
2021-06-25 15:13:47,406 INFO o.a.j.p.h.p.BaseParser: Created org.apache.jmeter.protocol.http.parser.CssParser
2021-06-25 15:13:47,406 INFO o.a.j.p.h.p.BaseParser: Created org.apache.jmeter.protocol.http.parser.CssParser
2021-06-25 15:13:47,406 INFO o.a.j.p.h.p.BaseParser: Created org.apache.jmeter.protocol.http.parser.CssParser
2021-06-25 15:13:47,406 INFO o.a.j.p.h.p.BaseParser: Created org.apache.jmeter.protocol.http.parser.CssParser
2021-06-25 15:13:47,457 INFO o.a.j.t.JMeterThread: Thread started: jp@gc - Stress Ultimate Thread Group 1-196
2021-06-25 15:13:47,494 INFO o.a.j.t.JMeterThread: Thread started: jp@gc - Stress Ultimate Thread Group 1-117
2021-06-25 15:13:47,577 INFO o.a.j.t.JMeterThread: Thread started: jp@gc - Stress Ultimate Thread Group 1-58
2021-06-25 15:13:47,577 INFO o.a.j.t.JMeterThread: Thread started: jp@gc - Stress Ultimate Thread Group 1-195
2021-06-25 15:13:47,661 INFO o.a.j.t.JMeterThread: Thread started: jp@gc - Stress Ultimate Thread Group 1-116
2021-06-25 15:13:47,703 INFO o.a.j.t.JMeterThread: Thread started: jp@gc - Stress Ultimate Thread Group 1-194
2021-06-25 15:13:47,756 INFO o.a.j.p.h.s.h.LazyLayeredConnectionSocketFactory: Setting up HTTPS TrustAll Socket Factory
2021-06-25 15:13:47,766 INFO o.a.j.u.JsseSSLManager: Using default SSL protocol: TLS
2021-06-25 15:13:47,766 INFO o.a.j.u.JsseSSLManager: SSL session context: per-thread
2021-06-25 15:13:47,827 INFO o.a.j.t.JMeterThread: Thread started: jp@gc - Stress Ultimate Thread Group 1-115
2021-06-25 15:13:47,828 INFO o.a.j.t.JMeterThread: Thread started: jp@gc - Stress Ultimate Thread Group 1-57
2021-06-25 15:13:47,828 INFO o.a.j.t.JMeterThread: Thread started: jp@gc - Stress Ultimate Thread Group 1-193
2021-06-25 15:13:47,838 INFO o.a.j.t.JMeterThread: Thread started: jp@gc - Stress Ultimate Thread Group 1-19
2021-06-25 15:13:47,954 INFO o.a.j.u.SSLManager: JmeterKeyStore Location:  type JKS
2021-06-25 15:13:47,954 INFO o.a.j.t.JMeterThread: Thread started: jp@gc - Stress Ultimate Thread Group 1-192
2021-06-25 15:13:47,959 INFO o.a.j.u.SSLManager: KeyStore created OK
2021-06-25 15:13:47,959 WARN o.a.j.u.SSLManager: Keystore file not found, loading empty keystore
2021-06-25 15:13:47,993 INFO o.a.j.t.JMeterThread: Thread started: jp@gc - Stress Ultimate Thread Group 1-114
2021-06-25 15:13:48,077 INFO o.a.j.t.JMeterThread: Thread started: jp@gc - Stress Ultimate Thread Group 1-56
2021-06-25 15:13:48,077 INFO o.a.j.t.JMeterThread: Thread started: jp@gc - Stress Ultimate Thread Group 1-191
2021-06-25 15:13:48,160 INFO o.a.j.t.JMeterThread: Thread started: jp@gc - Stress Ultimate Thread Group 1-113
2021-06-25 15:13:48,224 INFO o.a.j.t.JMeterThread: Thread started: jp@gc - Stress Ultimate Thread Group 1-190
2021-06-25 15:13:48,340 INFO o.a.j.t.JMeterThread: Thread started: jp@gc - Stress Ultimate Thread Group 1-189
2021-06-25 15:13:48,340 INFO o.a.j.t.JMeterThread: Thread started: jp@gc - Stress Ultimate Thread Group 1-18
2021-06-25 15:13:48,606 INFO o.a.j.t.JMeterThread: Thread started: jp@gc - Stress Ultimate Thread Group 1-54
2021-06-25 15:13:48,609 INFO o.a.j.t.JMeterThread: Thread started: jp@gc - Stress Ultimate Thread Group 1-55
2021-06-25 15:13:48,688 INFO o.a.j.t.JMeterThread: Thread started: jp@gc - Stress Ultimate Thread Group 1-110
2021-06-25 15:13:48,609 INFO o.a.j.t.JMeterThread: Thread started: jp@gc - Stress Ultimate Thread Group 1-112
2021-06-25 15:13:48,696 INFO o.a.j.t.JMeterThread: Thread started: jp@gc - Stress Ultimate Thread Group 1-188
2021-06-25 15:13:48,697 INFO o.a.j.t.JMeterThread: Thread started: jp@gc - Stress Ultimate Thread Group 1-111
2021-06-25 15:13:48,699 INFO o.a.j.t.JMeterThread: Thread started: jp@gc - Stress Ultimate Thread Group 1-187
2021-06-25 15:13:48,719 INFO o.a.j.t.JMeterThread: Thread started: jp@gc - Stress Ultimate Thread Group 1-186
2021-06-25 15:13:48,828 INFO o.a.j.t.JMeterThread: Thread started: jp@gc - Stress Ultimate Thread Group 1-109
2021-06-25 15:13:48,829 INFO o.a.j.t.JMeterThread: Thread started: jp@gc - Stress Ultimate Thread Group 1-185
2021-06-25 15:13:48,829 INFO o.a.j.t.JMeterThread: Thread started: jp@gc - Stress Ultimate Thread Group 1-17
2021-06-25 15:13:48,829 INFO o.a.j.t.JMeterThread: Thread started: jp@gc - Stress Ultimate Thread Group 1-53
2021-06-25 15:13:48,966 INFO o.a.j.t.JMeterThread: Thread started: jp@gc - Stress Ultimate Thread Group 1-184
2021-06-25 15:13:49,007 INFO o.a.j.t.JMeterThread: Thread started: jp@gc - Stress Ultimate Thread Group 1-108
2021-06-25 15:13:49,078 INFO o.a.j.t.JMeterThread: Thread started: jp@gc - Stress Ultimate Thread Group 1-183
2021-06-25 15:13:49,078 INFO o.a.j.t.JMeterThread: Thread started: jp@gc - Stress Ultimate Thread Group 1-52
2021-06-25 15:13:49,162 INFO o.a.j.t.JMeterThread: Thread started: jp@gc - Stress Ultimate Thread Group 1-107
2021-06-25 15:13:49,202 INFO o.a.j.t.JMeterThread: Thread started: jp@gc - Stress Ultimate Thread Group 1-182
2021-06-25 15:13:49,333 INFO o.a.j.t.JMeterThread: Thread started: jp@gc - Stress Ultimate Thread Group 1-181
2021-06-25 15:13:49,334 INFO o.a.j.t.JMeterThread: Thread started: jp@gc - Stress Ultimate Thread Group 1-106
2021-06-25 15:13:49,336 INFO o.a.j.t.JMeterThread: Thread started: jp@gc - Stress Ultimate Thread Group 1-51
2021-06-25 15:13:49,336 INFO o.a.j.t.JMeterThread: Thread started: jp@gc - Stress Ultimate Thread Group 1-16
2021-06-25 15:13:49,455 INFO o.a.j.t.JMeterThread: Thread started: jp@gc - Stress Ultimate Thread Group 1-180
2021-06-25 15:13:49,495 INFO o.a.j.t.JMeterThread: Thread started: jp@gc - Stress Ultimate Thread Group 1-105
2021-06-25 15:13:49,578 INFO o.a.j.t.JMeterThread: Thread started: jp@gc - Stress Ultimate Thread Group 1-50
2021-06-25 15:13:49,579 INFO o.a.j.t.JMeterThread: Thread started: jp@gc - Stress Ultimate Thread Group 1-179
2021-06-25 15:13:49,662 INFO o.a.j.t.JMeterThread: Thread started: jp@gc - Stress Ultimate Thread Group 1-104
2021-06-25 15:13:49,706 INFO o.a.j.t.JMeterThread: Thread started: jp@gc - Stress Ultimate Thread Group 1-178
2021-06-25 15:13:49,828 INFO o.a.j.t.JMeterThread: Thread started: jp@gc - Stress Ultimate Thread Group 1-15
2021-06-25 15:13:49,829 INFO o.a.j.t.JMeterThread: Thread started: jp@gc - Stress Ultimate Thread Group 1-103
2021-06-25 15:13:49,830 INFO o.a.j.t.JMeterThread: Thread started: jp@gc - Stress Ultimate Thread Group 1-177
2021-06-25 15:13:49,830 INFO o.a.j.t.JMeterThread: Thread started: jp@gc - Stress Ultimate Thread Group 1-49
2021-06-25 15:13:49,954 INFO o.a.j.t.JMeterThread: Thread started: jp@gc - Stress Ultimate Thread Group 1-176
2021-06-25 15:13:49,995 INFO o.a.j.t.JMeterThread: Thread started: jp@gc - Stress Ultimate Thread Group 1-102
2021-06-25 15:13:50,077 INFO o.a.j.t.JMeterThread: Thread started: jp@gc - Stress Ultimate Thread Group 1-48
2021-06-25 15:13:50,079 INFO o.a.j.t.JMeterThread: Thread started: jp@gc - Stress Ultimate Thread Group 1-175
2021-06-25 15:13:50,160 INFO o.a.j.t.JMeterThread: Thread started: jp@gc - Stress Ultimate Thread Group 1-101
2021-06-25 15:13:50,204 INFO o.a.j.t.JMeterThread: Thread started: jp@gc - Stress Ultimate Thread Group 1-174
2021-06-25 15:13:50,336 INFO o.a.j.t.JMeterThread: Thread started: jp@gc - Stress Ultimate Thread Group 1-173
2021-06-25 15:13:50,336 INFO o.a.j.t.JMeterThread: Thread started: jp@gc - Stress Ultimate Thread Group 1-14
2021-06-25 15:13:50,345 INFO o.a.j.t.JMeterThread: Thread started: jp@gc - Stress Ultimate Thread Group 1-100
2021-06-25 15:13:50,346 INFO o.a.j.t.JMeterThread: Thread started: jp@gc - Stress Ultimate Thread Group 1-47
2021-06-25 15:13:50,455 INFO o.a.j.t.JMeterThread: Thread started: jp@gc - Stress Ultimate Thread Group 1-172
2021-06-25 15:13:50,494 INFO o.a.j.t.JMeterThread: Thread started: jp@gc - Stress Ultimate Thread Group 1-99
2021-06-25 15:13:50,577 INFO o.a.j.t.JMeterThread: Thread started: jp@gc - Stress Ultimate Thread Group 1-171
2021-06-25 15:13:50,578 INFO o.a.j.t.JMeterThread: Thread started: jp@gc - Stress Ultimate Thread Group 1-46
2021-06-25 15:13:50,758 INFO o.a.j.t.JMeterThread: Thread started: jp@gc - Stress Ultimate Thread Group 1-98
2021-06-25 15:13:50,767 INFO o.a.j.t.JMeterThread: Thread started: jp@gc - Stress Ultimate Thread Group 1-170
2021-06-25 15:13:50,827 INFO o.a.j.t.JMeterThread: Thread started: jp@gc - Stress Ultimate Thread Group 1-13
2021-06-25 15:13:50,829 INFO o.a.j.t.JMeterThread: Thread started: jp@gc - Stress Ultimate Thread Group 1-169
2021-06-25 15:13:50,829 INFO o.a.j.t.JMeterThread: Thread started: jp@gc - Stress Ultimate Thread Group 1-45
2021-06-25 15:13:50,830 INFO o.a.j.t.JMeterThread: Thread started: jp@gc - Stress Ultimate Thread Group 1-97
2021-06-25 15:13:50,952 INFO o.a.j.t.JMeterThread: Thread started: jp@gc - Stress Ultimate Thread Group 1-168
2021-06-25 15:13:51,001 INFO o.a.j.t.JMeterThread: Thread started: jp@gc - Stress Ultimate Thread Group 1-96
2021-06-25 15:13:51,078 INFO o.a.j.t.JMeterThread: Thread started: jp@gc - Stress Ultimate Thread Group 1-44
2021-06-25 15:13:51,078 INFO o.a.j.t.JMeterThread: Thread started: jp@gc - Stress Ultimate Thread Group 1-167
2021-06-25 15:13:51,161 INFO o.a.j.t.JMeterThread: Thread started: jp@gc - Stress Ultimate Thread Group 1-95
2021-06-25 15:13:51,204 INFO o.a.j.t.JMeterThread: Thread started: jp@gc - Stress Ultimate Thread Group 1-166
2021-06-25 15:13:51,328 INFO o.a.j.t.JMeterThread: Thread started: jp@gc - Stress Ultimate Thread Group 1-43
2021-06-25 15:13:51,328 INFO o.a.j.t.JMeterThread: Thread started: jp@gc - Stress Ultimate Thread Group 1-12
2021-06-25 15:13:51,329 INFO o.a.j.t.JMeterThread: Thread started: jp@gc - Stress Ultimate Thread Group 1-165
2021-06-25 15:13:51,330 INFO o.a.j.t.JMeterThread: Thread started: jp@gc - Stress Ultimate Thread Group 1-94
2021-06-25 15:13:51,453 INFO o.a.j.t.JMeterThread: Thread started: jp@gc - Stress Ultimate Thread Group 1-164
2021-06-25 15:13:51,494 INFO o.a.j.t.JMeterThread: Thread started: jp@gc - Stress Ultimate Thread Group 1-93
2021-06-25 15:13:51,578 INFO o.a.j.t.JMeterThread: Thread started: jp@gc - Stress Ultimate Thread Group 1-42
2021-06-25 15:13:51,578 INFO o.a.j.t.JMeterThread: Thread started: jp@gc - Stress Ultimate Thread Group 1-163
2021-06-25 15:13:51,661 INFO o.a.j.t.JMeterThread: Thread started: jp@gc - Stress Ultimate Thread Group 1-92
2021-06-25 15:13:51,702 INFO o.a.j.t.JMeterThread: Thread started: jp@gc - Stress Ultimate Thread Group 1-162
2021-06-25 15:13:51,827 INFO o.a.j.t.JMeterThread: Thread started: jp@gc - Stress Ultimate Thread Group 1-161
2021-06-25 15:13:51,828 INFO o.a.j.t.JMeterThread: Thread started: jp@gc - Stress Ultimate Thread Group 1-41
2021-06-25 15:13:51,828 INFO o.a.j.t.JMeterThread: Thread started: jp@gc - Stress Ultimate Thread Group 1-91
2021-06-25 15:13:51,829 INFO o.a.j.t.JMeterThread: Thread started: jp@gc - Stress Ultimate Thread Group 1-11
2021-06-25 15:13:51,954 INFO o.a.j.t.JMeterThread: Thread started: jp@gc - Stress Ultimate Thread Group 1-160
2021-06-25 15:13:51,993 INFO o.a.j.t.JMeterThread: Thread started: jp@gc - Stress Ultimate Thread Group 1-90
2021-06-25 15:13:52,077 INFO o.a.j.t.JMeterThread: Thread started: jp@gc - Stress Ultimate Thread Group 1-159
2021-06-25 15:13:52,079 INFO o.a.j.t.JMeterThread: Thread started: jp@gc - Stress Ultimate Thread Group 1-40
2021-06-25 15:13:52,160 INFO o.a.j.t.JMeterThread: Thread started: jp@gc - Stress Ultimate Thread Group 1-89
2021-06-25 15:13:52,204 INFO o.a.j.t.JMeterThread: Thread started: jp@gc - Stress Ultimate Thread Group 1-158
2021-06-25 15:13:52,328 INFO o.a.j.t.JMeterThread: Thread started: jp@gc - Stress Ultimate Thread Group 1-157
2021-06-25 15:13:52,328 INFO o.a.j.t.JMeterThread: Thread started: jp@gc - Stress Ultimate Thread Group 1-10
2021-06-25 15:13:52,329 INFO o.a.j.t.JMeterThread: Thread started: jp@gc - Stress Ultimate Thread Group 1-39
2021-06-25 15:13:52,329 INFO o.a.j.t.JMeterThread: Thread started: jp@gc - Stress Ultimate Thread Group 1-88
2021-06-25 15:13:52,453 INFO o.a.j.t.JMeterThread: Thread started: jp@gc - Stress Ultimate Thread Group 1-156
2021-06-25 15:13:52,493 INFO o.a.j.t.JMeterThread: Thread started: jp@gc - Stress Ultimate Thread Group 1-87
2021-06-25 15:13:52,577 INFO o.a.j.t.JMeterThread: Thread started: jp@gc - Stress Ultimate Thread Group 1-155
2021-06-25 15:13:52,578 INFO o.a.j.t.JMeterThread: Thread started: jp@gc - Stress Ultimate Thread Group 1-38
2021-06-25 15:13:52,660 INFO o.a.j.t.JMeterThread: Thread started: jp@gc - Stress Ultimate Thread Group 1-86
2021-06-25 15:13:52,704 INFO o.a.j.t.JMeterThread: Thread started: jp@gc - Stress Ultimate Thread Group 1-154
2021-06-25 15:13:52,827 INFO o.a.j.t.JMeterThread: Thread started: jp@gc - Stress Ultimate Thread Group 1-85
2021-06-25 15:13:52,827 INFO o.a.j.t.JMeterThread: Thread started: jp@gc - Stress Ultimate Thread Group 1-9
2021-06-25 15:13:52,827 INFO o.a.j.t.JMeterThread: Thread started: jp@gc - Stress Ultimate Thread Group 1-153
2021-06-25 15:13:52,828 INFO o.a.j.t.JMeterThread: Thread started: jp@gc - Stress Ultimate Thread Group 1-37
2021-06-25 15:13:52,953 INFO o.a.j.t.JMeterThread: Thread started: jp@gc - Stress Ultimate Thread Group 1-152
2021-06-25 15:13:52,993 INFO o.a.j.t.JMeterThread: Thread started: jp@gc - Stress Ultimate Thread Group 1-84
2021-06-25 15:13:53,077 INFO o.a.j.t.JMeterThread: Thread started: jp@gc - Stress Ultimate Thread Group 1-36
2021-06-25 15:13:53,078 INFO o.a.j.t.JMeterThread: Thread started: jp@gc - Stress Ultimate Thread Group 1-151
2021-06-25 15:13:53,160 INFO o.a.j.t.JMeterThread: Thread started: jp@gc - Stress Ultimate Thread Group 1-83
2021-06-25 15:13:53,202 INFO o.a.j.t.JMeterThread: Thread started: jp@gc - Stress Ultimate Thread Group 1-150
2021-06-25 15:13:53,327 INFO o.a.j.t.JMeterThread: Thread started: jp@gc - Stress Ultimate Thread Group 1-35
2021-06-25 15:13:53,328 INFO o.a.j.t.JMeterThread: Thread started: jp@gc - Stress Ultimate Thread Group 1-149
2021-06-25 15:13:53,328 INFO o.a.j.t.JMeterThread: Thread started: jp@gc - Stress Ultimate Thread Group 1-8
2021-06-25 15:13:53,328 INFO o.a.j.t.JMeterThread: Thread started: jp@gc - Stress Ultimate Thread Group 1-82
2021-06-25 15:13:53,452 INFO o.a.j.t.JMeterThread: Thread started: jp@gc - Stress Ultimate Thread Group 1-148
2021-06-25 15:13:53,494 INFO o.a.j.t.JMeterThread: Thread started: jp@gc - Stress Ultimate Thread Group 1-81
2021-06-25 15:13:53,577 INFO o.a.j.t.JMeterThread: Thread started: jp@gc - Stress Ultimate Thread Group 1-34
2021-06-25 15:13:53,578 INFO o.a.j.t.JMeterThread: Thread started: jp@gc - Stress Ultimate Thread Group 1-147
2021-06-25 15:13:53,660 INFO o.a.j.t.JMeterThread: Thread started: jp@gc - Stress Ultimate Thread Group 1-80
2021-06-25 15:13:53,702 INFO o.a.j.t.JMeterThread: Thread started: jp@gc - Stress Ultimate Thread Group 1-146
2021-06-25 15:13:53,833 INFO o.a.j.t.JMeterThread: Thread started: jp@gc - Stress Ultimate Thread Group 1-79
2021-06-25 15:13:53,838 INFO o.a.j.t.JMeterThread: Thread started: jp@gc - Stress Ultimate Thread Group 1-145
2021-06-25 15:13:53,840 INFO o.a.j.t.JMeterThread: Thread started: jp@gc - Stress Ultimate Thread Group 1-33
2021-06-25 15:13:53,840 INFO o.a.j.t.JMeterThread: Thread started: jp@gc - Stress Ultimate Thread Group 1-7
2021-06-25 15:13:53,953 INFO o.a.j.t.JMeterThread: Thread started: jp@gc - Stress Ultimate Thread Group 1-144
2021-06-25 15:13:53,993 INFO o.a.j.t.JMeterThread: Thread started: jp@gc - Stress Ultimate Thread Group 1-78
2021-06-25 15:13:54,078 INFO o.a.j.t.JMeterThread: Thread started: jp@gc - Stress Ultimate Thread Group 1-143
2021-06-25 15:13:54,079 INFO o.a.j.t.JMeterThread: Thread started: jp@gc - Stress Ultimate Thread Group 1-32
2021-06-25 15:13:54,160 INFO o.a.j.t.JMeterThread: Thread started: jp@gc - Stress Ultimate Thread Group 1-77
2021-06-25 15:13:54,202 INFO o.a.j.t.JMeterThread: Thread started: jp@gc - Stress Ultimate Thread Group 1-142
2021-06-25 15:13:54,327 INFO o.a.j.t.JMeterThread: Thread started: jp@gc - Stress Ultimate Thread Group 1-76
2021-06-25 15:13:54,328 INFO o.a.j.t.JMeterThread: Thread started: jp@gc - Stress Ultimate Thread Group 1-31
2021-06-25 15:13:54,327 INFO o.a.j.t.JMeterThread: Thread started: jp@gc - Stress Ultimate Thread Group 1-6
2021-06-25 15:13:54,328 INFO o.a.j.t.JMeterThread: Thread started: jp@gc - Stress Ultimate Thread Group 1-141
2021-06-25 15:13:54,452 INFO o.a.j.t.JMeterThread: Thread started: jp@gc - Stress Ultimate Thread Group 1-140
2021-06-25 15:13:54,493 INFO o.a.j.t.JMeterThread: Thread started: jp@gc - Stress Ultimate Thread Group 1-75
2021-06-25 15:13:54,578 INFO o.a.j.t.JMeterThread: Thread started: jp@gc - Stress Ultimate Thread Group 1-139
2021-06-25 15:13:54,579 INFO o.a.j.t.JMeterThread: Thread started: jp@gc - Stress Ultimate Thread Group 1-30
2021-06-25 15:13:54,660 INFO o.a.j.t.JMeterThread: Thread started: jp@gc - Stress Ultimate Thread Group 1-74
2021-06-25 15:13:54,702 INFO o.a.j.t.JMeterThread: Thread started: jp@gc - Stress Ultimate Thread Group 1-138
2021-06-25 15:13:54,827 INFO o.a.j.t.JMeterThread: Thread started: jp@gc - Stress Ultimate Thread Group 1-137
2021-06-25 15:13:54,828 INFO o.a.j.t.JMeterThread: Thread started: jp@gc - Stress Ultimate Thread Group 1-5
2021-06-25 15:13:54,828 INFO o.a.j.t.JMeterThread: Thread started: jp@gc - Stress Ultimate Thread Group 1-73
2021-06-25 15:13:54,829 INFO o.a.j.t.JMeterThread: Thread started: jp@gc - Stress Ultimate Thread Group 1-29
2021-06-25 15:13:54,953 INFO o.a.j.t.JMeterThread: Thread started: jp@gc - Stress Ultimate Thread Group 1-136
2021-06-25 15:13:54,994 INFO o.a.j.t.JMeterThread: Thread started: jp@gc - Stress Ultimate Thread Group 1-72
2021-06-25 15:13:55,077 INFO o.a.j.t.JMeterThread: Thread started: jp@gc - Stress Ultimate Thread Group 1-135
2021-06-25 15:13:55,079 INFO o.a.j.t.JMeterThread: Thread started: jp@gc - Stress Ultimate Thread Group 1-28
2021-06-25 15:13:55,162 INFO o.a.j.t.JMeterThread: Thread started: jp@gc - Stress Ultimate Thread Group 1-71
2021-06-25 15:13:55,203 INFO o.a.j.t.JMeterThread: Thread started: jp@gc - Stress Ultimate Thread Group 1-134
2021-06-25 15:13:55,327 INFO o.a.j.t.JMeterThread: Thread started: jp@gc - Stress Ultimate Thread Group 1-4
2021-06-25 15:13:55,328 INFO o.a.j.t.JMeterThread: Thread started: jp@gc - Stress Ultimate Thread Group 1-70
2021-06-25 15:13:55,329 INFO o.a.j.t.JMeterThread: Thread started: jp@gc - Stress Ultimate Thread Group 1-133
2021-06-25 15:13:55,334 INFO o.a.j.t.JMeterThread: Thread started: jp@gc - Stress Ultimate Thread Group 1-27
2021-06-25 15:13:55,452 INFO o.a.j.t.JMeterThread: Thread started: jp@gc - Stress Ultimate Thread Group 1-132
2021-06-25 15:13:55,493 INFO o.a.j.t.JMeterThread: Thread started: jp@gc - Stress Ultimate Thread Group 1-69
2021-06-25 15:13:55,577 INFO o.a.j.t.JMeterThread: Thread started: jp@gc - Stress Ultimate Thread Group 1-131
2021-06-25 15:13:55,577 INFO o.a.j.t.JMeterThread: Thread started: jp@gc - Stress Ultimate Thread Group 1-26
2021-06-25 15:13:55,662 INFO o.a.j.t.JMeterThread: Thread started: jp@gc - Stress Ultimate Thread Group 1-68
2021-06-25 15:13:55,702 INFO o.a.j.t.JMeterThread: Thread started: jp@gc - Stress Ultimate Thread Group 1-130
2021-06-25 15:13:55,827 INFO o.a.j.t.JMeterThread: Thread started: jp@gc - Stress Ultimate Thread Group 1-129
2021-06-25 15:13:55,827 INFO o.a.j.t.JMeterThread: Thread started: jp@gc - Stress Ultimate Thread Group 1-25
2021-06-25 15:13:55,828 INFO o.a.j.t.JMeterThread: Thread started: jp@gc - Stress Ultimate Thread Group 1-67
2021-06-25 15:13:55,828 INFO o.a.j.t.JMeterThread: Thread started: jp@gc - Stress Ultimate Thread Group 1-3
2021-06-25 15:13:55,952 INFO o.a.j.t.JMeterThread: Thread started: jp@gc - Stress Ultimate Thread Group 1-128
2021-06-25 15:13:55,994 INFO o.a.j.t.JMeterThread: Thread started: jp@gc - Stress Ultimate Thread Group 1-66
2021-06-25 15:13:56,077 INFO o.a.j.t.JMeterThread: Thread started: jp@gc - Stress Ultimate Thread Group 1-24
2021-06-25 15:13:56,077 INFO o.a.j.t.JMeterThread: Thread started: jp@gc - Stress Ultimate Thread Group 1-127
2021-06-25 15:13:56,160 INFO o.a.j.t.JMeterThread: Thread started: jp@gc - Stress Ultimate Thread Group 1-65
2021-06-25 15:13:56,203 INFO o.a.j.t.JMeterThread: Thread started: jp@gc - Stress Ultimate Thread Group 1-126
2021-06-25 15:13:56,327 INFO o.a.j.t.JMeterThread: Thread started: jp@gc - Stress Ultimate Thread Group 1-2
2021-06-25 15:13:56,327 INFO o.a.j.t.JMeterThread: Thread started: jp@gc - Stress Ultimate Thread Group 1-64
2021-06-25 15:13:56,327 INFO o.a.j.t.JMeterThread: Thread started: jp@gc - Stress Ultimate Thread Group 1-125
2021-06-25 15:13:56,328 INFO o.a.j.t.JMeterThread: Thread started: jp@gc - Stress Ultimate Thread Group 1-23
2021-06-25 15:13:56,452 INFO o.a.j.t.JMeterThread: Thread started: jp@gc - Stress Ultimate Thread Group 1-124
2021-06-25 15:13:56,493 INFO o.a.j.t.JMeterThread: Thread started: jp@gc - Stress Ultimate Thread Group 1-63
2021-06-25 15:13:56,577 INFO o.a.j.t.JMeterThread: Thread started: jp@gc - Stress Ultimate Thread Group 1-123
2021-06-25 15:13:56,578 INFO o.a.j.t.JMeterThread: Thread started: jp@gc - Stress Ultimate Thread Group 1-22
2021-06-25 15:13:56,660 INFO o.a.j.t.JMeterThread: Thread started: jp@gc - Stress Ultimate Thread Group 1-62
2021-06-25 15:13:56,703 INFO o.a.j.t.JMeterThread: Thread started: jp@gc - Stress Ultimate Thread Group 1-122
2021-06-25 15:13:56,827 INFO o.a.j.t.JMeterThread: Thread started: jp@gc - Stress Ultimate Thread Group 1-1
2021-06-25 15:13:56,828 INFO o.a.j.t.JMeterThread: Thread started: jp@gc - Stress Ultimate Thread Group 1-121
2021-06-25 15:13:56,828 INFO o.a.j.t.JMeterThread: Thread started: jp@gc - Stress Ultimate Thread Group 1-61
2021-06-25 15:13:56,828 INFO o.a.j.t.JMeterThread: Thread started: jp@gc - Stress Ultimate Thread Group 1-21
2021-06-25 15:13:56,828 INFO o.a.j.t.JMeterThread: Stopping because end time detected by thread: jp@gc - Stress Ultimate Thread Group 1-1
2021-06-25 15:13:56,828 INFO o.a.j.t.JMeterThread: Stopping because end time detected by thread: jp@gc - Stress Ultimate Thread Group 1-61
2021-06-25 15:13:56,828 INFO o.a.j.t.JMeterThread: Stopping because end time detected by thread: jp@gc - Stress Ultimate Thread Group 1-121
2021-06-25 15:13:56,828 INFO o.a.j.t.JMeterThread: Thread finished: jp@gc - Stress Ultimate Thread Group 1-1
2021-06-25 15:13:56,828 INFO o.a.j.t.JMeterThread: Thread finished: jp@gc - Stress Ultimate Thread Group 1-61
2021-06-25 15:13:56,828 INFO o.a.j.t.JMeterThread: Thread finished: jp@gc - Stress Ultimate Thread Group 1-121
2021-06-25 15:13:56,828 INFO o.a.j.t.JMeterThread: Stopping because end time detected by thread: jp@gc - Stress Ultimate Thread Group 1-21
2021-06-25 15:13:56,828 INFO o.a.j.t.JMeterThread: Thread finished: jp@gc - Stress Ultimate Thread Group 1-21
2021-06-25 15:13:59,897 INFO o.a.j.t.JMeterThread: Stopping because end time detected by thread: jp@gc - Stress Ultimate Thread Group 1-39
2021-06-25 15:13:59,897 INFO o.a.j.t.JMeterThread: Thread finished: jp@gc - Stress Ultimate Thread Group 1-39
2021-06-25 15:14:00,254 INFO o.a.j.r.Summariser: summary +      2 in 00:00:13 =    0.1/s Avg:  6813 Min:  6608 Max:  7019 Err:     0 (0.00%) Active: 195 Started: 200 Finished: 5
2021-06-25 15:14:00,254 INFO o.a.j.t.JMeterThread: Stopping because end time detected by thread: jp@gc - Stress Ultimate Thread Group 1-81
2021-06-25 15:14:00,254 INFO o.a.j.t.JMeterThread: Thread finished: jp@gc - Stress Ultimate Thread Group 1-81
2021-06-25 15:14:00,308 INFO o.a.j.t.JMeterThread: Stopping because end time detected by thread: jp@gc - Stress Ultimate Thread Group 1-88
2021-06-25 15:14:00,308 INFO o.a.j.t.JMeterThread: Thread finished: jp@gc - Stress Ultimate Thread Group 1-88
2021-06-25 15:14:01,241 INFO o.a.j.t.JMeterThread: Stopping because end time detected by thread: jp@gc - Stress Ultimate Thread Group 1-157
2021-06-25 15:14:01,242 INFO o.a.j.t.JMeterThread: Thread finished: jp@gc - Stress Ultimate Thread Group 1-157
2021-06-25 15:14:01,564 INFO o.a.j.t.JMeterThread: Stopping because end time detected by thread: jp@gc - Stress Ultimate Thread Group 1-147
2021-06-25 15:14:01,564 INFO o.a.j.t.JMeterThread: Thread finished: jp@gc - Stress Ultimate Thread Group 1-147
2021-06-25 15:14:02,602 INFO o.a.j.t.JMeterThread: Stopping because end time detected by thread: jp@gc - Stress Ultimate Thread Group 1-80
2021-06-25 15:14:02,603 INFO o.a.j.t.JMeterThread: Thread finished: jp@gc - Stress Ultimate Thread Group 1-80
2021-06-25 15:14:02,622 INFO o.a.j.t.JMeterThread: Stopping because end time detected by thread: jp@gc - Stress Ultimate Thread Group 1-156
2021-06-25 15:14:02,622 INFO o.a.j.t.JMeterThread: Thread finished: jp@gc - Stress Ultimate Thread Group 1-156
2021-06-25 15:14:02,975 INFO o.a.j.t.JMeterThread: Stopping because end time detected by thread: jp@gc - Stress Ultimate Thread Group 1-87
2021-06-25 15:14:02,975 INFO o.a.j.t.JMeterThread: Thread finished: jp@gc - Stress Ultimate Thread Group 1-87
2021-06-25 15:14:03,115 INFO o.a.j.t.JMeterThread: Stopping because end time detected by thread: jp@gc - Stress Ultimate Thread Group 1-86
2021-06-25 15:14:03,115 INFO o.a.j.t.JMeterThread: Thread finished: jp@gc - Stress Ultimate Thread Group 1-86
2021-06-25 15:14:03,429 INFO o.a.j.t.JMeterThread: Stopping because end time detected by thread: jp@gc - Stress Ultimate Thread Group 1-146
2021-06-25 15:14:03,429 INFO o.a.j.t.JMeterThread: Thread finished: jp@gc - Stress Ultimate Thread Group 1-146
2021-06-25 15:14:03,465 INFO o.a.j.t.JMeterThread: Stopping because end time detected by thread: jp@gc - Stress Ultimate Thread Group 1-34
2021-06-25 15:14:03,465 INFO o.a.j.t.JMeterThread: Thread finished: jp@gc - Stress Ultimate Thread Group 1-34
2021-06-25 15:14:03,467 INFO o.a.j.t.JMeterThread: Stopping because end time detected by thread: jp@gc - Stress Ultimate Thread Group 1-155
2021-06-25 15:14:03,467 INFO o.a.j.t.JMeterThread: Thread finished: jp@gc - Stress Ultimate Thread Group 1-155
2021-06-25 15:14:03,488 INFO o.a.j.t.JMeterThread: Stopping because end time detected by thread: jp@gc - Stress Ultimate Thread Group 1-38
2021-06-25 15:14:03,488 INFO o.a.j.t.JMeterThread: Thread finished: jp@gc - Stress Ultimate Thread Group 1-38
2021-06-25 15:14:04,041 INFO o.a.j.t.JMeterThread: Stopping because end time detected by thread: jp@gc - Stress Ultimate Thread Group 1-154
2021-06-25 15:14:04,041 INFO o.a.j.t.JMeterThread: Thread finished: jp@gc - Stress Ultimate Thread Group 1-154
2021-06-25 15:14:04,395 INFO o.a.j.t.JMeterThread: Stopping because end time detected by thread: jp@gc - Stress Ultimate Thread Group 1-145
2021-06-25 15:14:04,395 INFO o.a.j.t.JMeterThread: Thread finished: jp@gc - Stress Ultimate Thread Group 1-145
2021-06-25 15:14:04,434 INFO o.a.j.t.JMeterThread: Stopping because end time detected by thread: jp@gc - Stress Ultimate Thread Group 1-85
2021-06-25 15:14:04,435 INFO o.a.j.t.JMeterThread: Stopping because end time detected by thread: jp@gc - Stress Ultimate Thread Group 1-9
2021-06-25 15:14:04,435 INFO o.a.j.t.JMeterThread: Thread finished: jp@gc - Stress Ultimate Thread Group 1-85
2021-06-25 15:14:04,435 INFO o.a.j.t.JMeterThread: Thread finished: jp@gc - Stress Ultimate Thread Group 1-9
2021-06-25 15:14:04,436 INFO o.a.j.t.JMeterThread: Stopping because end time detected by thread: jp@gc - Stress Ultimate Thread Group 1-153
2021-06-25 15:14:04,436 INFO o.a.j.t.JMeterThread: Thread finished: jp@gc - Stress Ultimate Thread Group 1-153
2021-06-25 15:14:04,458 INFO o.a.j.t.JMeterThread: Stopping because end time detected by thread: jp@gc - Stress Ultimate Thread Group 1-78
2021-06-25 15:14:04,458 INFO o.a.j.t.JMeterThread: Thread finished: jp@gc - Stress Ultimate Thread Group 1-78
2021-06-25 15:14:04,459 INFO o.a.j.t.JMeterThread: Stopping because end time detected by thread: jp@gc - Stress Ultimate Thread Group 1-144
2021-06-25 15:14:04,459 INFO o.a.j.t.JMeterThread: Thread finished: jp@gc - Stress Ultimate Thread Group 1-144
2021-06-25 15:14:04,462 INFO o.a.j.t.JMeterThread: Stopping because end time detected by thread: jp@gc - Stress Ultimate Thread Group 1-37
2021-06-25 15:14:04,462 INFO o.a.j.t.JMeterThread: Thread finished: jp@gc - Stress Ultimate Thread Group 1-37
2021-06-25 15:14:04,472 INFO o.a.j.t.JMeterThread: Stopping because end time detected by thread: jp@gc - Stress Ultimate Thread Group 1-79
2021-06-25 15:14:04,472 INFO o.a.j.t.JMeterThread: Thread finished: jp@gc - Stress Ultimate Thread Group 1-79
2021-06-25 15:14:04,474 INFO o.a.j.t.JMeterThread: Stopping because end time detected by thread: jp@gc - Stress Ultimate Thread Group 1-84
2021-06-25 15:14:04,475 INFO o.a.j.t.JMeterThread: Thread finished: jp@gc - Stress Ultimate Thread Group 1-84
2021-06-25 15:14:04,506 INFO o.a.j.t.JMeterThread: Stopping because end time detected by thread: jp@gc - Stress Ultimate Thread Group 1-33
2021-06-25 15:14:04,507 INFO o.a.j.t.JMeterThread: Thread finished: jp@gc - Stress Ultimate Thread Group 1-33
2021-06-25 15:14:04,508 INFO o.a.j.t.JMeterThread: Stopping because end time detected by thread: jp@gc - Stress Ultimate Thread Group 1-152
2021-06-25 15:14:04,508 INFO o.a.j.t.JMeterThread: Thread finished: jp@gc - Stress Ultimate Thread Group 1-152
2021-06-25 15:14:04,522 INFO o.a.j.t.JMeterThread: Stopping because end time detected by thread: jp@gc - Stress Ultimate Thread Group 1-7
2021-06-25 15:14:04,522 INFO o.a.j.t.JMeterThread: Thread finished: jp@gc - Stress Ultimate Thread Group 1-7
2021-06-25 15:14:04,903 INFO o.a.j.t.JMeterThread: Stopping because end time detected by thread: jp@gc - Stress Ultimate Thread Group 1-143
2021-06-25 15:14:04,903 INFO o.a.j.t.JMeterThread: Thread finished: jp@gc - Stress Ultimate Thread Group 1-143
2021-06-25 15:14:04,906 INFO o.a.j.t.JMeterThread: Stopping because end time detected by thread: jp@gc - Stress Ultimate Thread Group 1-32
2021-06-25 15:14:04,907 INFO o.a.j.t.JMeterThread: Thread finished: jp@gc - Stress Ultimate Thread Group 1-32
2021-06-25 15:14:05,389 INFO o.a.j.t.JMeterThread: Stopping because end time detected by thread: jp@gc - Stress Ultimate Thread Group 1-36
2021-06-25 15:14:05,389 INFO o.a.j.t.JMeterThread: Thread finished: jp@gc - Stress Ultimate Thread Group 1-36
2021-06-25 15:14:05,403 INFO o.a.j.t.JMeterThread: Stopping because end time detected by thread: jp@gc - Stress Ultimate Thread Group 1-151
2021-06-25 15:14:05,403 INFO o.a.j.t.JMeterThread: Thread finished: jp@gc - Stress Ultimate Thread Group 1-151
2021-06-25 15:14:05,405 INFO o.a.j.t.JMeterThread: Stopping because end time detected by thread: jp@gc - Stress Ultimate Thread Group 1-77
2021-06-25 15:14:05,405 INFO o.a.j.t.JMeterThread: Thread finished: jp@gc - Stress Ultimate Thread Group 1-77
2021-06-25 15:14:05,406 INFO o.a.j.t.JMeterThread: Stopping because end time detected by thread: jp@gc - Stress Ultimate Thread Group 1-142
2021-06-25 15:14:05,407 INFO o.a.j.t.JMeterThread: Thread finished: jp@gc - Stress Ultimate Thread Group 1-142
2021-06-25 15:14:05,896 INFO o.a.j.t.JMeterThread: Stopping because end time detected by thread: jp@gc - Stress Ultimate Thread Group 1-172
2021-06-25 15:14:05,896 INFO o.a.j.t.JMeterThread: Thread finished: jp@gc - Stress Ultimate Thread Group 1-172
2021-06-25 15:14:05,933 INFO o.a.j.t.JMeterThread: Stopping because end time detected by thread: jp@gc - Stress Ultimate Thread Group 1-150
2021-06-25 15:14:05,933 INFO o.a.j.t.JMeterThread: Thread finished: jp@gc - Stress Ultimate Thread Group 1-150
2021-06-25 15:14:05,965 INFO o.a.j.t.JMeterThread: Stopping because end time detected by thread: jp@gc - Stress Ultimate Thread Group 1-6
2021-06-25 15:14:05,965 INFO o.a.j.t.JMeterThread: Thread finished: jp@gc - Stress Ultimate Thread Group 1-6
2021-06-25 15:14:05,999 INFO o.a.j.t.JMeterThread: Stopping because end time detected by thread: jp@gc - Stress Ultimate Thread Group 1-141
2021-06-25 15:14:06,000 INFO o.a.j.t.JMeterThread: Thread finished: jp@gc - Stress Ultimate Thread Group 1-141
2021-06-25 15:14:06,173 INFO o.a.j.t.JMeterThread: Stopping because end time detected by thread: jp@gc - Stress Ultimate Thread Group 1-35
2021-06-25 15:14:06,173 INFO o.a.j.t.JMeterThread: Thread finished: jp@gc - Stress Ultimate Thread Group 1-35
2021-06-25 15:14:06,181 INFO o.a.j.t.JMeterThread: Stopping because end time detected by thread: jp@gc - Stress Ultimate Thread Group 1-31
2021-06-25 15:14:06,182 INFO o.a.j.t.JMeterThread: Thread finished: jp@gc - Stress Ultimate Thread Group 1-31
2021-06-25 15:14:06,221 INFO o.a.j.t.JMeterThread: Stopping because end time detected by thread: jp@gc - Stress Ultimate Thread Group 1-46
2021-06-25 15:14:06,221 INFO o.a.j.t.JMeterThread: Thread finished: jp@gc - Stress Ultimate Thread Group 1-46
2021-06-25 15:14:06,267 INFO o.a.j.t.JMeterThread: Stopping because end time detected by thread: jp@gc - Stress Ultimate Thread Group 1-76
2021-06-25 15:14:06,267 INFO o.a.j.t.JMeterThread: Thread finished: jp@gc - Stress Ultimate Thread Group 1-76
2021-06-25 15:14:06,297 INFO o.a.j.t.JMeterThread: Stopping because end time detected by thread: jp@gc - Stress Ultimate Thread Group 1-83
2021-06-25 15:14:06,298 INFO o.a.j.t.JMeterThread: Thread finished: jp@gc - Stress Ultimate Thread Group 1-83
2021-06-25 15:14:06,406 INFO o.a.j.t.JMeterThread: Stopping because end time detected by thread: jp@gc - Stress Ultimate Thread Group 1-75
2021-06-25 15:14:06,407 INFO o.a.j.t.JMeterThread: Thread finished: jp@gc - Stress Ultimate Thread Group 1-75
2021-06-25 15:14:06,423 INFO o.a.j.t.JMeterThread: Stopping because end time detected by thread: jp@gc - Stress Ultimate Thread Group 1-30
2021-06-25 15:14:06,423 INFO o.a.j.t.JMeterThread: Thread finished: jp@gc - Stress Ultimate Thread Group 1-30
2021-06-25 15:14:06,532 INFO o.a.j.t.JMeterThread: Stopping because end time detected by thread: jp@gc - Stress Ultimate Thread Group 1-139
2021-06-25 15:14:06,532 INFO o.a.j.t.JMeterThread: Thread finished: jp@gc - Stress Ultimate Thread Group 1-139
2021-06-25 15:14:06,588 INFO o.a.j.t.JMeterThread: Stopping because end time detected by thread: jp@gc - Stress Ultimate Thread Group 1-140
2021-06-25 15:14:06,589 INFO o.a.j.t.JMeterThread: Thread finished: jp@gc - Stress Ultimate Thread Group 1-140
2021-06-25 15:14:06,950 INFO o.a.j.t.JMeterThread: Stopping because end time detected by thread: jp@gc - Stress Ultimate Thread Group 1-74
2021-06-25 15:14:06,950 INFO o.a.j.t.JMeterThread: Thread finished: jp@gc - Stress Ultimate Thread Group 1-74
2021-06-25 15:14:06,970 INFO o.a.j.t.JMeterThread: Stopping because end time detected by thread: jp@gc - Stress Ultimate Thread Group 1-138
2021-06-25 15:14:06,971 INFO o.a.j.t.JMeterThread: Thread finished: jp@gc - Stress Ultimate Thread Group 1-138
2021-06-25 15:14:06,983 INFO o.a.j.t.JMeterThread: Stopping because end time detected by thread: jp@gc - Stress Ultimate Thread Group 1-5
2021-06-25 15:14:06,983 INFO o.a.j.t.JMeterThread: Thread finished: jp@gc - Stress Ultimate Thread Group 1-5
2021-06-25 15:14:06,985 INFO o.a.j.t.JMeterThread: Stopping because end time detected by thread: jp@gc - Stress Ultimate Thread Group 1-29
2021-06-25 15:14:06,986 INFO o.a.j.t.JMeterThread: Thread finished: jp@gc - Stress Ultimate Thread Group 1-29
2021-06-25 15:14:07,096 INFO o.a.j.t.JMeterThread: Stopping because end time detected by thread: jp@gc - Stress Ultimate Thread Group 1-82
2021-06-25 15:14:07,096 INFO o.a.j.t.JMeterThread: Thread finished: jp@gc - Stress Ultimate Thread Group 1-82
2021-06-25 15:14:07,234 INFO o.a.j.t.JMeterThread: Stopping because end time detected by thread: jp@gc - Stress Ultimate Thread Group 1-136
2021-06-25 15:14:07,234 INFO o.a.j.t.JMeterThread: Thread finished: jp@gc - Stress Ultimate Thread Group 1-136
2021-06-25 15:14:07,275 INFO o.a.j.t.JMeterThread: Stopping because end time detected by thread: jp@gc - Stress Ultimate Thread Group 1-161
2021-06-25 15:14:07,275 INFO o.a.j.t.JMeterThread: Thread finished: jp@gc - Stress Ultimate Thread Group 1-161
2021-06-25 15:14:07,333 INFO o.a.j.t.JMeterThread: Stopping because end time detected by thread: jp@gc - Stress Ultimate Thread Group 1-149
2021-06-25 15:14:07,333 INFO o.a.j.t.JMeterThread: Thread finished: jp@gc - Stress Ultimate Thread Group 1-149
2021-06-25 15:14:07,335 INFO o.a.j.t.JMeterThread: Stopping because end time detected by thread: jp@gc - Stress Ultimate Thread Group 1-11
2021-06-25 15:14:07,335 INFO o.a.j.t.JMeterThread: Thread finished: jp@gc - Stress Ultimate Thread Group 1-11
2021-06-25 15:14:07,343 INFO o.a.j.t.JMeterThread: Stopping because end time detected by thread: jp@gc - Stress Ultimate Thread Group 1-72
2021-06-25 15:14:07,343 INFO o.a.j.t.JMeterThread: Thread finished: jp@gc - Stress Ultimate Thread Group 1-72
2021-06-25 15:14:07,390 INFO o.a.j.t.JMeterThread: Stopping because end time detected by thread: jp@gc - Stress Ultimate Thread Group 1-160
2021-06-25 15:14:07,391 INFO o.a.j.t.JMeterThread: Thread finished: jp@gc - Stress Ultimate Thread Group 1-160
2021-06-25 15:14:07,410 INFO o.a.j.t.JMeterThread: Stopping because end time detected by thread: jp@gc - Stress Ultimate Thread Group 1-28
2021-06-25 15:14:07,410 INFO o.a.j.t.JMeterThread: Thread finished: jp@gc - Stress Ultimate Thread Group 1-28
2021-06-25 15:14:07,411 INFO o.a.j.t.JMeterThread: Stopping because end time detected by thread: jp@gc - Stress Ultimate Thread Group 1-41
2021-06-25 15:14:07,411 INFO o.a.j.t.JMeterThread: Thread finished: jp@gc - Stress Ultimate Thread Group 1-41
2021-06-25 15:14:07,413 INFO o.a.j.t.JMeterThread: Stopping because end time detected by thread: jp@gc - Stress Ultimate Thread Group 1-148
2021-06-25 15:14:07,413 INFO o.a.j.t.JMeterThread: Thread finished: jp@gc - Stress Ultimate Thread Group 1-148
2021-06-25 15:14:07,440 INFO o.a.j.t.JMeterThread: Stopping because end time detected by thread: jp@gc - Stress Ultimate Thread Group 1-135
2021-06-25 15:14:07,441 INFO o.a.j.t.JMeterThread: Thread finished: jp@gc - Stress Ultimate Thread Group 1-135
2021-06-25 15:14:07,671 INFO o.a.j.t.JMeterThread: Stopping because end time detected by thread: jp@gc - Stress Ultimate Thread Group 1-40
2021-06-25 15:14:07,671 INFO o.a.j.t.JMeterThread: Thread finished: jp@gc - Stress Ultimate Thread Group 1-40
2021-06-25 15:14:07,712 INFO o.a.j.t.JMeterThread: Stopping because end time detected by thread: jp@gc - Stress Ultimate Thread Group 1-133
2021-06-25 15:14:07,712 INFO o.a.j.t.JMeterThread: Thread finished: jp@gc - Stress Ultimate Thread Group 1-133
2021-06-25 15:14:07,714 INFO o.a.j.t.JMeterThread: Stopping because end time detected by thread: jp@gc - Stress Ultimate Thread Group 1-27
2021-06-25 15:14:07,714 INFO o.a.j.t.JMeterThread: Thread finished: jp@gc - Stress Ultimate Thread Group 1-27
2021-06-25 15:14:07,726 INFO o.a.j.t.JMeterThread: Stopping because end time detected by thread: jp@gc - Stress Ultimate Thread Group 1-134
2021-06-25 15:14:07,726 INFO o.a.j.t.JMeterThread: Thread finished: jp@gc - Stress Ultimate Thread Group 1-134
2021-06-25 15:14:07,734 INFO o.a.j.t.JMeterThread: Stopping because end time detected by thread: jp@gc - Stress Ultimate Thread Group 1-4
2021-06-25 15:14:07,734 INFO o.a.j.t.JMeterThread: Thread finished: jp@gc - Stress Ultimate Thread Group 1-4
2021-06-25 15:14:07,740 INFO o.a.j.t.JMeterThread: Stopping because end time detected by thread: jp@gc - Stress Ultimate Thread Group 1-71
2021-06-25 15:14:07,740 INFO o.a.j.t.JMeterThread: Thread finished: jp@gc - Stress Ultimate Thread Group 1-71
2021-06-25 15:14:07,741 INFO o.a.j.t.JMeterThread: Stopping because end time detected by thread: jp@gc - Stress Ultimate Thread Group 1-8
2021-06-25 15:14:07,741 INFO o.a.j.t.JMeterThread: Thread finished: jp@gc - Stress Ultimate Thread Group 1-8
2021-06-25 15:14:07,935 INFO o.a.j.t.JMeterThread: Stopping because end time detected by thread: jp@gc - Stress Ultimate Thread Group 1-70
2021-06-25 15:14:07,935 INFO o.a.j.t.JMeterThread: Thread finished: jp@gc - Stress Ultimate Thread Group 1-70
2021-06-25 15:14:07,959 INFO o.a.j.t.JMeterThread: Stopping because end time detected by thread: jp@gc - Stress Ultimate Thread Group 1-132
2021-06-25 15:14:07,959 INFO o.a.j.t.JMeterThread: Thread finished: jp@gc - Stress Ultimate Thread Group 1-132
2021-06-25 15:14:07,963 INFO o.a.j.t.JMeterThread: Stopping because end time detected by thread: jp@gc - Stress Ultimate Thread Group 1-26
2021-06-25 15:14:07,963 INFO o.a.j.t.JMeterThread: Thread finished: jp@gc - Stress Ultimate Thread Group 1-26
2021-06-25 15:14:07,965 INFO o.a.j.t.JMeterThread: Stopping because end time detected by thread: jp@gc - Stress Ultimate Thread Group 1-131
2021-06-25 15:14:07,965 INFO o.a.j.t.JMeterThread: Thread finished: jp@gc - Stress Ultimate Thread Group 1-131
2021-06-25 15:14:07,967 INFO o.a.j.t.JMeterThread: Stopping because end time detected by thread: jp@gc - Stress Ultimate Thread Group 1-171
2021-06-25 15:14:07,967 INFO o.a.j.t.JMeterThread: Thread finished: jp@gc - Stress Ultimate Thread Group 1-171
2021-06-25 15:14:07,984 INFO o.a.j.t.JMeterThread: Stopping because end time detected by thread: jp@gc - Stress Ultimate Thread Group 1-69
2021-06-25 15:14:07,984 INFO o.a.j.t.JMeterThread: Thread finished: jp@gc - Stress Ultimate Thread Group 1-69
2021-06-25 15:14:08,026 INFO o.a.j.t.JMeterThread: Stopping because end time detected by thread: jp@gc - Stress Ultimate Thread Group 1-68
2021-06-25 15:14:08,026 INFO o.a.j.t.JMeterThread: Thread finished: jp@gc - Stress Ultimate Thread Group 1-68
2021-06-25 15:14:08,035 INFO o.a.j.t.JMeterThread: Stopping because end time detected by thread: jp@gc - Stress Ultimate Thread Group 1-130
2021-06-25 15:14:08,035 INFO o.a.j.t.JMeterThread: Thread finished: jp@gc - Stress Ultimate Thread Group 1-130
2021-06-25 15:14:08,118 INFO o.a.j.t.JMeterThread: Stopping because end time detected by thread: jp@gc - Stress Ultimate Thread Group 1-25
2021-06-25 15:14:08,118 INFO o.a.j.t.JMeterThread: Thread finished: jp@gc - Stress Ultimate Thread Group 1-25
2021-06-25 15:14:08,151 INFO o.a.j.t.JMeterThread: Stopping because end time detected by thread: jp@gc - Stress Ultimate Thread Group 1-99
2021-06-25 15:14:08,151 INFO o.a.j.t.JMeterThread: Thread finished: jp@gc - Stress Ultimate Thread Group 1-99
2021-06-25 15:14:08,214 INFO o.a.j.t.JMeterThread: Stopping because end time detected by thread: jp@gc - Stress Ultimate Thread Group 1-67
2021-06-25 15:14:08,214 INFO o.a.j.t.JMeterThread: Thread finished: jp@gc - Stress Ultimate Thread Group 1-67
2021-06-25 15:14:08,244 INFO o.a.j.t.JMeterThread: Stopping because end time detected by thread: jp@gc - Stress Ultimate Thread Group 1-3
2021-06-25 15:14:08,245 INFO o.a.j.t.JMeterThread: Thread finished: jp@gc - Stress Ultimate Thread Group 1-3
2021-06-25 15:14:08,267 INFO o.a.j.t.JMeterThread: Stopping because end time detected by thread: jp@gc - Stress Ultimate Thread Group 1-24
2021-06-25 15:14:08,267 INFO o.a.j.t.JMeterThread: Thread finished: jp@gc - Stress Ultimate Thread Group 1-24
2021-06-25 15:14:08,290 INFO o.a.j.t.JMeterThread: Stopping because end time detected by thread: jp@gc - Stress Ultimate Thread Group 1-127
2021-06-25 15:14:08,290 INFO o.a.j.t.JMeterThread: Thread finished: jp@gc - Stress Ultimate Thread Group 1-127
2021-06-25 15:14:08,292 INFO o.a.j.t.JMeterThread: Stopping because end time detected by thread: jp@gc - Stress Ultimate Thread Group 1-128
2021-06-25 15:14:08,292 INFO o.a.j.t.JMeterThread: Thread finished: jp@gc - Stress Ultimate Thread Group 1-128
2021-06-25 15:14:08,331 INFO o.a.j.t.JMeterThread: Stopping because end time detected by thread: jp@gc - Stress Ultimate Thread Group 1-66
2021-06-25 15:14:08,332 INFO o.a.j.t.JMeterThread: Thread finished: jp@gc - Stress Ultimate Thread Group 1-66
2021-06-25 15:14:08,392 INFO o.a.j.t.JMeterThread: Stopping because end time detected by thread: jp@gc - Stress Ultimate Thread Group 1-129
2021-06-25 15:14:08,392 INFO o.a.j.t.JMeterThread: Thread finished: jp@gc - Stress Ultimate Thread Group 1-129
2021-06-25 15:14:08,396 INFO o.a.j.t.JMeterThread: Stopping because end time detected by thread: jp@gc - Stress Ultimate Thread Group 1-65
2021-06-25 15:14:08,396 INFO o.a.j.t.JMeterThread: Thread finished: jp@gc - Stress Ultimate Thread Group 1-65
2021-06-25 15:14:08,418 INFO o.a.j.t.JMeterThread: Stopping because end time detected by thread: jp@gc - Stress Ultimate Thread Group 1-126
2021-06-25 15:14:08,418 INFO o.a.j.t.JMeterThread: Thread finished: jp@gc - Stress Ultimate Thread Group 1-126
2021-06-25 15:14:08,551 INFO o.a.j.t.JMeterThread: Stopping because end time detected by thread: jp@gc - Stress Ultimate Thread Group 1-124
2021-06-25 15:14:08,552 INFO o.a.j.t.JMeterThread: Thread finished: jp@gc - Stress Ultimate Thread Group 1-124
2021-06-25 15:14:08,554 INFO o.a.j.t.JMeterThread: Stopping because end time detected by thread: jp@gc - Stress Ultimate Thread Group 1-123
2021-06-25 15:14:08,554 INFO o.a.j.t.JMeterThread: Thread finished: jp@gc - Stress Ultimate Thread Group 1-123
2021-06-25 15:14:08,557 INFO o.a.j.t.JMeterThread: Stopping because end time detected by thread: jp@gc - Stress Ultimate Thread Group 1-125
2021-06-25 15:14:08,557 INFO o.a.j.t.JMeterThread: Thread finished: jp@gc - Stress Ultimate Thread Group 1-125
2021-06-25 15:14:08,558 INFO o.a.j.t.JMeterThread: Stopping because end time detected by thread: jp@gc - Stress Ultimate Thread Group 1-62
2021-06-25 15:14:08,558 INFO o.a.j.t.JMeterThread: Thread finished: jp@gc - Stress Ultimate Thread Group 1-62
2021-06-25 15:14:08,564 INFO o.a.j.t.JMeterThread: Stopping because end time detected by thread: jp@gc - Stress Ultimate Thread Group 1-63
2021-06-25 15:14:08,564 INFO o.a.j.t.JMeterThread: Thread finished: jp@gc - Stress Ultimate Thread Group 1-63
2021-06-25 15:14:08,566 INFO o.a.j.t.JMeterThread: Stopping because end time detected by thread: jp@gc - Stress Ultimate Thread Group 1-91
2021-06-25 15:14:08,566 INFO o.a.j.t.JMeterThread: Thread finished: jp@gc - Stress Ultimate Thread Group 1-91
2021-06-25 15:14:08,574 INFO o.a.j.t.JMeterThread: Stopping because end time detected by thread: jp@gc - Stress Ultimate Thread Group 1-2
2021-06-25 15:14:08,574 INFO o.a.j.t.JMeterThread: Thread finished: jp@gc - Stress Ultimate Thread Group 1-2
2021-06-25 15:14:08,577 INFO o.a.j.t.JMeterThread: Stopping because end time detected by thread: jp@gc - Stress Ultimate Thread Group 1-64
2021-06-25 15:14:08,577 INFO o.a.j.t.JMeterThread: Thread finished: jp@gc - Stress Ultimate Thread Group 1-64
2021-06-25 15:14:08,578 INFO o.a.j.t.JMeterThread: Stopping because end time detected by thread: jp@gc - Stress Ultimate Thread Group 1-23
2021-06-25 15:14:08,578 INFO o.a.j.t.JMeterThread: Thread finished: jp@gc - Stress Ultimate Thread Group 1-23
2021-06-25 15:14:08,603 INFO o.a.j.t.JMeterThread: Stopping because end time detected by thread: jp@gc - Stress Ultimate Thread Group 1-22
2021-06-25 15:14:08,604 INFO o.a.j.t.JMeterThread: Thread finished: jp@gc - Stress Ultimate Thread Group 1-22
2021-06-25 15:14:08,640 INFO o.a.j.t.JMeterThread: Stopping because end time detected by thread: jp@gc - Stress Ultimate Thread Group 1-159
2021-06-25 15:14:08,640 INFO o.a.j.t.JMeterThread: Thread finished: jp@gc - Stress Ultimate Thread Group 1-159
2021-06-25 15:14:08,642 INFO o.a.j.t.JMeterThread: Stopping because end time detected by thread: jp@gc - Stress Ultimate Thread Group 1-90
2021-06-25 15:14:08,642 INFO o.a.j.t.JMeterThread: Thread finished: jp@gc - Stress Ultimate Thread Group 1-90
2021-06-25 15:14:08,646 INFO o.a.j.t.JMeterThread: Stopping because end time detected by thread: jp@gc - Stress Ultimate Thread Group 1-122
2021-06-25 15:14:08,647 INFO o.a.j.t.JMeterThread: Thread finished: jp@gc - Stress Ultimate Thread Group 1-122
2021-06-25 15:14:08,648 INFO o.a.j.t.JMeterThread: Stopping because end time detected by thread: jp@gc - Stress Ultimate Thread Group 1-158
2021-06-25 15:14:08,648 INFO o.a.j.t.JMeterThread: Thread finished: jp@gc - Stress Ultimate Thread Group 1-158
2021-06-25 15:14:08,682 INFO o.a.j.t.JMeterThread: Stopping because end time detected by thread: jp@gc - Stress Ultimate Thread Group 1-137
2021-06-25 15:14:08,682 INFO o.a.j.t.JMeterThread: Thread finished: jp@gc - Stress Ultimate Thread Group 1-137
2021-06-25 15:14:08,767 INFO o.a.j.t.JMeterThread: Stopping because end time detected by thread: jp@gc - Stress Ultimate Thread Group 1-73
2021-06-25 15:14:08,767 INFO o.a.j.t.JMeterThread: Thread finished: jp@gc - Stress Ultimate Thread Group 1-73
2021-06-25 15:14:13,233 INFO o.a.j.t.JMeterThread: Stopping because end time detected by thread: jp@gc - Stress Ultimate Thread Group 1-190
2021-06-25 15:14:13,233 INFO o.a.j.t.JMeterThread: Thread finished: jp@gc - Stress Ultimate Thread Group 1-190
2021-06-25 15:14:13,234 INFO o.a.j.t.JMeterThread: Stopping because end time detected by thread: jp@gc - Stress Ultimate Thread Group 1-191
2021-06-25 15:14:13,235 INFO o.a.j.t.JMeterThread: Thread finished: jp@gc - Stress Ultimate Thread Group 1-191
2021-06-25 15:14:13,352 INFO o.a.j.t.JMeterThread: Stopping because end time detected by thread: jp@gc - Stress Ultimate Thread Group 1-200
2021-06-25 15:14:13,352 INFO o.a.j.t.JMeterThread: Thread finished: jp@gc - Stress Ultimate Thread Group 1-200
2021-06-25 15:14:13,354 INFO o.a.j.t.JMeterThread: Stopping because end time detected by thread: jp@gc - Stress Ultimate Thread Group 1-120
2021-06-25 15:14:13,355 INFO o.a.j.t.JMeterThread: Thread finished: jp@gc - Stress Ultimate Thread Group 1-120
2021-06-25 15:14:13,453 INFO o.a.j.t.JMeterThread: Stopping because end time detected by thread: jp@gc - Stress Ultimate Thread Group 1-59
2021-06-25 15:14:13,454 INFO o.a.j.t.JMeterThread: Thread finished: jp@gc - Stress Ultimate Thread Group 1-59
2021-06-25 15:14:13,545 INFO o.a.j.t.JMeterThread: Stopping because end time detected by thread: jp@gc - Stress Ultimate Thread Group 1-54
2021-06-25 15:14:13,545 INFO o.a.j.t.JMeterThread: Thread finished: jp@gc - Stress Ultimate Thread Group 1-54
2021-06-25 15:14:13,592 INFO o.a.j.t.JMeterThread: Stopping because end time detected by thread: jp@gc - Stress Ultimate Thread Group 1-18
2021-06-25 15:14:13,593 INFO o.a.j.t.JMeterThread: Thread finished: jp@gc - Stress Ultimate Thread Group 1-18
2021-06-25 15:14:13,660 INFO o.a.j.t.JMeterThread: Stopping because end time detected by thread: jp@gc - Stress Ultimate Thread Group 1-20
2021-06-25 15:14:13,660 INFO o.a.j.t.JMeterThread: Thread finished: jp@gc - Stress Ultimate Thread Group 1-20
2021-06-25 15:14:13,662 INFO o.a.j.t.JMeterThread: Stopping because end time detected by thread: jp@gc - Stress Ultimate Thread Group 1-117
2021-06-25 15:14:13,663 INFO o.a.j.t.JMeterThread: Thread finished: jp@gc - Stress Ultimate Thread Group 1-117
2021-06-25 15:14:13,665 INFO o.a.j.t.JMeterThread: Stopping because end time detected by thread: jp@gc - Stress Ultimate Thread Group 1-194
2021-06-25 15:14:13,666 INFO o.a.j.t.JMeterThread: Thread finished: jp@gc - Stress Ultimate Thread Group 1-194
2021-06-25 15:14:13,668 INFO o.a.j.t.JMeterThread: Stopping because end time detected by thread: jp@gc - Stress Ultimate Thread Group 1-118
2021-06-25 15:14:13,668 INFO o.a.j.t.JMeterThread: Thread finished: jp@gc - Stress Ultimate Thread Group 1-118
2021-06-25 15:14:13,670 INFO o.a.j.t.JMeterThread: Stopping because end time detected by thread: jp@gc - Stress Ultimate Thread Group 1-113
2021-06-25 15:14:13,670 INFO o.a.j.t.JMeterThread: Thread finished: jp@gc - Stress Ultimate Thread Group 1-113
2021-06-25 15:14:13,689 INFO o.a.j.t.JMeterThread: Stopping because end time detected by thread: jp@gc - Stress Ultimate Thread Group 1-196
2021-06-25 15:14:13,689 INFO o.a.j.t.JMeterThread: Thread finished: jp@gc - Stress Ultimate Thread Group 1-196
2021-06-25 15:14:13,690 INFO o.a.j.t.JMeterThread: Stopping because end time detected by thread: jp@gc - Stress Ultimate Thread Group 1-192
2021-06-25 15:14:13,690 INFO o.a.j.t.JMeterThread: Thread finished: jp@gc - Stress Ultimate Thread Group 1-192
2021-06-25 15:14:13,838 INFO o.a.j.t.JMeterThread: Stopping because end time detected by thread: jp@gc - Stress Ultimate Thread Group 1-195
2021-06-25 15:14:13,838 INFO o.a.j.t.JMeterThread: Thread finished: jp@gc - Stress Ultimate Thread Group 1-195
2021-06-25 15:14:21,848 INFO o.a.j.t.JMeterThread: Stopping because end time detected by thread: jp@gc - Stress Ultimate Thread Group 1-57
2021-06-25 15:14:21,848 INFO o.a.j.t.JMeterThread: Thread finished: jp@gc - Stress Ultimate Thread Group 1-57
2021-06-25 15:14:23,159 INFO o.a.j.t.JMeterThread: Stopping because end time detected by thread: jp@gc - Stress Ultimate Thread Group 1-199
2021-06-25 15:14:23,159 INFO o.a.j.t.JMeterThread: Thread finished: jp@gc - Stress Ultimate Thread Group 1-199
2021-06-25 15:14:27,103 INFO o.a.j.t.JMeterThread: Stopping because end time detected by thread: jp@gc - Stress Ultimate Thread Group 1-115
2021-06-25 15:14:27,103 INFO o.a.j.t.JMeterThread: Thread finished: jp@gc - Stress Ultimate Thread Group 1-115
2021-06-25 15:14:28,250 INFO o.a.j.t.JMeterThread: Stopping because end time detected by thread: jp@gc - Stress Ultimate Thread Group 1-197
2021-06-25 15:14:28,251 INFO o.a.j.t.JMeterThread: Thread finished: jp@gc - Stress Ultimate Thread Group 1-197
2021-06-25 15:14:29,810 INFO o.a.j.t.JMeterThread: Stopping because end time detected by thread: jp@gc - Stress Ultimate Thread Group 1-169
2021-06-25 15:14:29,811 INFO o.a.j.t.JMeterThread: Thread finished: jp@gc - Stress Ultimate Thread Group 1-169
2021-06-25 15:14:30,409 INFO o.a.j.r.Summariser: summary +    121 in 00:00:30 =    4.0/s Avg: 15201 Min:  7845 Max: 40809 Err:    21 (17.36%) Active: 74 Started: 200 Finished: 126
2021-06-25 15:14:30,409 INFO o.a.j.r.Summariser: summary =    123 in 00:00:44 =    2.8/s Avg: 15064 Min:  6608 Max: 40809 Err:    21 (17.07%)
2021-06-25 15:14:30,409 INFO o.a.j.t.JMeterThread: Stopping because end time detected by thread: jp@gc - Stress Ultimate Thread Group 1-97
2021-06-25 15:14:30,409 INFO o.a.j.t.JMeterThread: Thread finished: jp@gc - Stress Ultimate Thread Group 1-97
2021-06-25 15:14:30,494 INFO o.a.j.t.JMeterThread: Stopping because end time detected by thread: jp@gc - Stress Ultimate Thread Group 1-13
2021-06-25 15:14:30,494 INFO o.a.j.t.JMeterThread: Thread finished: jp@gc - Stress Ultimate Thread Group 1-13
2021-06-25 15:14:30,607 INFO o.a.j.t.JMeterThread: Stopping because end time detected by thread: jp@gc - Stress Ultimate Thread Group 1-45
2021-06-25 15:14:30,607 INFO o.a.j.t.JMeterThread: Thread finished: jp@gc - Stress Ultimate Thread Group 1-45
2021-06-25 15:14:31,974 INFO o.a.j.t.JMeterThread: Stopping because end time detected by thread: jp@gc - Stress Ultimate Thread Group 1-183
2021-06-25 15:14:31,975 INFO o.a.j.t.JMeterThread: Thread finished: jp@gc - Stress Ultimate Thread Group 1-183
2021-06-25 15:14:33,290 INFO o.a.j.t.JMeterThread: Stopping because end time detected by thread: jp@gc - Stress Ultimate Thread Group 1-108
2021-06-25 15:14:33,290 INFO o.a.j.t.JMeterThread: Thread finished: jp@gc - Stress Ultimate Thread Group 1-108
2021-06-25 15:14:33,598 INFO o.a.j.t.JMeterThread: Stopping because end time detected by thread: jp@gc - Stress Ultimate Thread Group 1-52
2021-06-25 15:14:33,598 INFO o.a.j.t.JMeterThread: Thread finished: jp@gc - Stress Ultimate Thread Group 1-52
2021-06-25 15:14:42,871 INFO o.a.j.t.JMeterThread: Stopping because end time detected by thread: jp@gc - Stress Ultimate Thread Group 1-102
2021-06-25 15:14:42,871 INFO o.a.j.t.JMeterThread: Thread finished: jp@gc - Stress Ultimate Thread Group 1-102
2021-06-25 15:14:45,456 INFO o.a.j.t.JMeterThread: Stopping because end time detected by thread: jp@gc - Stress Ultimate Thread Group 1-176
2021-06-25 15:14:45,457 INFO o.a.j.t.JMeterThread: Thread finished: jp@gc - Stress Ultimate Thread Group 1-176
2021-06-25 15:14:46,395 INFO o.a.j.t.JMeterThread: Stopping because end time detected by thread: jp@gc - Stress Ultimate Thread Group 1-182
2021-06-25 15:14:46,395 INFO o.a.j.t.JMeterThread: Thread finished: jp@gc - Stress Ultimate Thread Group 1-182
2021-06-25 15:14:48,689 INFO o.a.j.t.JMeterThread: Stopping because end time detected by thread: jp@gc - Stress Ultimate Thread Group 1-107
2021-06-25 15:14:48,689 INFO o.a.j.t.JMeterThread: Thread finished: jp@gc - Stress Ultimate Thread Group 1-107
2021-06-25 15:15:02,820 INFO o.a.j.r.Summariser: summary +     10 in 00:00:32 =    0.3/s Avg: 50916 Min: 39537 Max: 74010 Err:    10 (100.00%) Active: 64 Started: 200 Finished: 136
2021-06-25 15:15:02,820 INFO o.a.j.r.Summariser: summary =    133 in 00:01:16 =    1.7/s Avg: 17760 Min:  6608 Max: 74010 Err:    31 (23.31%)
2021-06-25 15:15:02,820 INFO o.a.j.t.JMeterThread: Stopping because end time detected by thread: jp@gc - Stress Ultimate Thread Group 1-110
2021-06-25 15:15:02,820 INFO o.a.j.t.JMeterThread: Thread finished: jp@gc - Stress Ultimate Thread Group 1-110
2021-06-25 15:15:03,777 INFO o.a.j.t.JMeterThread: Stopping because end time detected by thread: jp@gc - Stress Ultimate Thread Group 1-17
2021-06-25 15:15:03,777 INFO o.a.j.t.JMeterThread: Thread finished: jp@gc - Stress Ultimate Thread Group 1-17
2021-06-25 15:15:14,052 INFO o.a.j.t.JMeterThread: Stopping because end time detected by thread: jp@gc - Stress Ultimate Thread Group 1-186
2021-06-25 15:15:14,052 INFO o.a.j.t.JMeterThread: Thread finished: jp@gc - Stress Ultimate Thread Group 1-186
2021-06-25 15:15:15,462 INFO o.a.j.t.JMeterThread: Stopping because end time detected by thread: jp@gc - Stress Ultimate Thread Group 1-111
2021-06-25 15:15:15,462 INFO o.a.j.t.JMeterThread: Thread finished: jp@gc - Stress Ultimate Thread Group 1-111
2021-06-25 15:15:18,454 INFO o.a.j.t.JMeterThread: Stopping because end time detected by thread: jp@gc - Stress Ultimate Thread Group 1-187
2021-06-25 15:15:18,454 INFO o.a.j.t.JMeterThread: Thread finished: jp@gc - Stress Ultimate Thread Group 1-187
2021-06-25 15:15:18,550 INFO o.a.j.t.JMeterThread: Stopping because end time detected by thread: jp@gc - Stress Ultimate Thread Group 1-168
2021-06-25 15:15:18,550 INFO o.a.j.t.JMeterThread: Thread finished: jp@gc - Stress Ultimate Thread Group 1-168
2021-06-25 15:15:29,756 INFO o.a.j.t.JMeterThread: Stopping because end time detected by thread: jp@gc - Stress Ultimate Thread Group 1-47
2021-06-25 15:15:29,757 INFO o.a.j.t.JMeterThread: Thread finished: jp@gc - Stress Ultimate Thread Group 1-47
2021-06-25 15:15:29,839 INFO o.a.j.t.JMeterThread: Stopping because end time detected by thread: jp@gc - Stress Ultimate Thread Group 1-100
2021-06-25 15:15:29,839 INFO o.a.j.t.JMeterThread: Thread finished: jp@gc - Stress Ultimate Thread Group 1-100
2021-06-25 15:15:33,389 INFO o.a.j.r.Summariser: summary +      8 in 00:00:31 =    0.3/s Avg: 90843 Min: 74825 Max: 104309 Err:     8 (100.00%) Active: 56 Started: 200 Finished: 144
2021-06-25 15:15:33,390 INFO o.a.j.r.Summariser: summary =    141 in 00:01:47 =    1.3/s Avg: 21906 Min:  6608 Max: 104309 Err:    39 (27.66%)
2021-06-25 15:15:33,391 INFO o.a.j.t.JMeterThread: Stopping because end time detected by thread: jp@gc - Stress Ultimate Thread Group 1-184
2021-06-25 15:15:33,391 INFO o.a.j.t.JMeterThread: Thread finished: jp@gc - Stress Ultimate Thread Group 1-184
2021-06-25 15:15:34,468 INFO o.a.j.t.JMeterThread: Stopping because end time detected by thread: jp@gc - Stress Ultimate Thread Group 1-14
2021-06-25 15:15:34,468 INFO o.a.j.t.JMeterThread: Thread finished: jp@gc - Stress Ultimate Thread Group 1-14
2021-06-25 15:15:34,492 INFO o.a.j.t.JMeterThread: Stopping because end time detected by thread: jp@gc - Stress Ultimate Thread Group 1-173
2021-06-25 15:15:34,492 INFO o.a.j.t.JMeterThread: Thread finished: jp@gc - Stress Ultimate Thread Group 1-173
2021-06-25 15:15:35,082 INFO o.a.j.t.JMeterThread: Stopping because end time detected by thread: jp@gc - Stress Ultimate Thread Group 1-162
2021-06-25 15:15:35,082 INFO o.a.j.t.JMeterThread: Thread finished: jp@gc - Stress Ultimate Thread Group 1-162
2021-06-25 15:15:35,573 INFO o.a.j.t.JMeterThread: Stopping because end time detected by thread: jp@gc - Stress Ultimate Thread Group 1-92
2021-06-25 15:15:35,573 INFO o.a.j.t.JMeterThread: Thread finished: jp@gc - Stress Ultimate Thread Group 1-92
2021-06-25 15:15:36,877 INFO o.a.j.t.JMeterThread: Stopping because end time detected by thread: jp@gc - Stress Ultimate Thread Group 1-175
2021-06-25 15:15:36,877 INFO o.a.j.t.JMeterThread: Thread finished: jp@gc - Stress Ultimate Thread Group 1-175
2021-06-25 15:15:37,323 INFO o.a.j.t.JMeterThread: Stopping because end time detected by thread: jp@gc - Stress Ultimate Thread Group 1-96
2021-06-25 15:15:37,324 INFO o.a.j.t.JMeterThread: Thread finished: jp@gc - Stress Ultimate Thread Group 1-96
2021-06-25 15:15:37,524 INFO o.a.j.t.JMeterThread: Stopping because end time detected by thread: jp@gc - Stress Ultimate Thread Group 1-163
2021-06-25 15:15:37,524 INFO o.a.j.t.JMeterThread: Thread finished: jp@gc - Stress Ultimate Thread Group 1-163
2021-06-25 15:15:37,620 INFO o.a.j.t.JMeterThread: Stopping because end time detected by thread: jp@gc - Stress Ultimate Thread Group 1-42
2021-06-25 15:15:37,620 INFO o.a.j.t.JMeterThread: Thread finished: jp@gc - Stress Ultimate Thread Group 1-42
2021-06-25 15:15:37,854 INFO o.a.j.t.JMeterThread: Stopping because end time detected by thread: jp@gc - Stress Ultimate Thread Group 1-48
2021-06-25 15:15:37,854 INFO o.a.j.t.JMeterThread: Thread finished: jp@gc - Stress Ultimate Thread Group 1-48
2021-06-25 15:15:40,929 INFO o.a.j.t.JMeterThread: Stopping because end time detected by thread: jp@gc - Stress Ultimate Thread Group 1-188
2021-06-25 15:15:40,929 INFO o.a.j.t.JMeterThread: Thread finished: jp@gc - Stress Ultimate Thread Group 1-188
2021-06-25 15:15:49,660 INFO o.a.j.t.JMeterThread: Stopping because end time detected by thread: jp@gc - Stress Ultimate Thread Group 1-93
2021-06-25 15:15:49,660 INFO o.a.j.t.JMeterThread: Thread finished: jp@gc - Stress Ultimate Thread Group 1-93
2021-06-25 15:15:53,557 INFO o.a.j.t.JMeterThread: Stopping because end time detected by thread: jp@gc - Stress Ultimate Thread Group 1-164
2021-06-25 15:15:53,557 INFO o.a.j.t.JMeterThread: Thread finished: jp@gc - Stress Ultimate Thread Group 1-164
2021-06-25 15:15:58,086 INFO o.a.j.t.JMeterThread: Stopping because end time detected by thread: jp@gc - Stress Ultimate Thread Group 1-185
2021-06-25 15:15:58,086 INFO o.a.j.t.JMeterThread: Thread finished: jp@gc - Stress Ultimate Thread Group 1-185
2021-06-25 15:16:01,254 INFO o.a.j.r.Summariser: summary +     14 in 00:00:28 =    0.5/s Avg: 111339 Min: 103266 Max: 130056 Err:    14 (100.00%) Active: 42 Started: 200 Finished: 158
2021-06-25 15:16:01,255 INFO o.a.j.r.Summariser: summary =    155 in 00:02:14 =    1.2/s Avg: 29984 Min:  6608 Max: 130056 Err:    53 (34.19%)
2021-06-25 15:16:01,257 INFO o.a.j.t.JMeterThread: Stopping because end time detected by thread: jp@gc - Stress Ultimate Thread Group 1-44
2021-06-25 15:16:01,257 INFO o.a.j.t.JMeterThread: Thread finished: jp@gc - Stress Ultimate Thread Group 1-44
2021-06-25 15:16:01,258 INFO o.a.j.t.JMeterThread: Stopping because end time detected by thread: jp@gc - Stress Ultimate Thread Group 1-167
2021-06-25 15:16:01,258 INFO o.a.j.t.JMeterThread: Thread finished: jp@gc - Stress Ultimate Thread Group 1-167
2021-06-25 15:16:02,631 INFO o.a.j.t.JMeterThread: Stopping because end time detected by thread: jp@gc - Stress Ultimate Thread Group 1-165
2021-06-25 15:16:02,631 INFO o.a.j.t.JMeterThread: Thread finished: jp@gc - Stress Ultimate Thread Group 1-165
2021-06-25 15:16:02,939 INFO o.a.j.t.JMeterThread: Stopping because end time detected by thread: jp@gc - Stress Ultimate Thread Group 1-53
2021-06-25 15:16:02,940 INFO o.a.j.t.JMeterThread: Thread finished: jp@gc - Stress Ultimate Thread Group 1-53
2021-06-25 15:16:03,228 INFO o.a.j.t.JMeterThread: Stopping because end time detected by thread: jp@gc - Stress Ultimate Thread Group 1-94
2021-06-25 15:16:03,228 INFO o.a.j.t.JMeterThread: Thread finished: jp@gc - Stress Ultimate Thread Group 1-94
2021-06-25 15:16:03,400 INFO o.a.j.t.JMeterThread: Stopping because end time detected by thread: jp@gc - Stress Ultimate Thread Group 1-43
2021-06-25 15:16:03,400 INFO o.a.j.t.JMeterThread: Thread finished: jp@gc - Stress Ultimate Thread Group 1-43
2021-06-25 15:16:03,486 INFO o.a.j.t.JMeterThread: Stopping because end time detected by thread: jp@gc - Stress Ultimate Thread Group 1-12
2021-06-25 15:16:03,487 INFO o.a.j.t.JMeterThread: Thread finished: jp@gc - Stress Ultimate Thread Group 1-12
2021-06-25 15:16:03,560 INFO o.a.j.t.JMeterThread: Stopping because end time detected by thread: jp@gc - Stress Ultimate Thread Group 1-109
2021-06-25 15:16:03,560 INFO o.a.j.t.JMeterThread: Thread finished: jp@gc - Stress Ultimate Thread Group 1-109
2021-06-25 15:16:04,563 INFO o.a.j.t.JMeterThread: Stopping because end time detected by thread: jp@gc - Stress Ultimate Thread Group 1-166
2021-06-25 15:16:04,563 INFO o.a.j.t.JMeterThread: Thread finished: jp@gc - Stress Ultimate Thread Group 1-166
2021-06-25 15:16:05,538 INFO o.a.j.t.JMeterThread: Stopping because end time detected by thread: jp@gc - Stress Ultimate Thread Group 1-174
2021-06-25 15:16:05,538 INFO o.a.j.t.JMeterThread: Thread finished: jp@gc - Stress Ultimate Thread Group 1-174
2021-06-25 15:16:05,946 INFO o.a.j.t.JMeterThread: Stopping because end time detected by thread: jp@gc - Stress Ultimate Thread Group 1-101
2021-06-25 15:16:05,946 INFO o.a.j.t.JMeterThread: Thread finished: jp@gc - Stress Ultimate Thread Group 1-101
2021-06-25 15:16:06,526 INFO o.a.j.t.JMeterThread: Stopping because end time detected by thread: jp@gc - Stress Ultimate Thread Group 1-95
2021-06-25 15:16:06,527 INFO o.a.j.t.JMeterThread: Thread finished: jp@gc - Stress Ultimate Thread Group 1-95
2021-06-25 15:16:30,250 INFO o.a.j.r.Summariser: summary +     12 in 00:00:29 =    0.4/s Avg: 135245 Min: 130056 Max: 157971 Err:    12 (100.00%) Active: 30 Started: 200 Finished: 170
2021-06-25 15:16:30,250 INFO o.a.j.r.Summariser: summary =    167 in 00:02:43 =    1.0/s Avg: 37548 Min:  6608 Max: 157971 Err:    65 (38.92%)
2021-06-25 15:16:30,251 INFO o.a.j.t.JMeterThread: Stopping because end time detected by thread: jp@gc - Stress Ultimate Thread Group 1-89
2021-06-25 15:16:30,251 INFO o.a.j.t.JMeterThread: Thread finished: jp@gc - Stress Ultimate Thread Group 1-89
2021-06-25 15:16:30,255 INFO o.a.j.t.JMeterThread: Stopping because end time detected by thread: jp@gc - Stress Ultimate Thread Group 1-10
2021-06-25 15:16:30,255 INFO o.a.j.t.JMeterThread: Thread finished: jp@gc - Stress Ultimate Thread Group 1-10
2021-06-25 15:16:30,292 INFO o.a.j.t.JMeterThread: Stopping because end time detected by thread: jp@gc - Stress Ultimate Thread Group 1-98
2021-06-25 15:16:30,293 INFO o.a.j.t.JMeterThread: Thread finished: jp@gc - Stress Ultimate Thread Group 1-98
2021-06-25 15:16:30,363 INFO o.a.j.t.JMeterThread: Stopping because end time detected by thread: jp@gc - Stress Ultimate Thread Group 1-170
2021-06-25 15:16:30,363 INFO o.a.j.t.JMeterThread: Thread finished: jp@gc - Stress Ultimate Thread Group 1-170
